2026.03.02 22:07:54 INFO  Started: Metals version 1.6.5 in folders 'C:\Users\Youssef\Documents\Uni\Software\Semester 1\Project\Implementation\JavaApplication6' for client Visual Studio Code 1.109.5.
2026.03.02 22:07:54 INFO  Memory monitor started
2026.03.02 22:07:54 WARN  Using H2 2.4.240 which is newer than the version Flyway has been verified with. The latest verified version of H2 is 2.3.232.
2026.03.02 22:07:55 INFO  no build target found for C:\Users\Youssef\Documents\Uni\Software\Semester 1\Project\Implementation\JavaApplication6\src\main\java\com\bms\BankManagementSystemApp.java. Using fallback presentation compiler.
2026.03.02 22:07:57 INFO  no build target found for C:\Users\Youssef\Documents\Uni\Software\Semester 1\Project\Implementation\JavaApplication6\src\main\java\com\bms\BankManagementSystemApp.java. Using fallback presentation compiler.
2026.03.02 22:11:02 INFO  no build target found for C:\Users\Youssef\Documents\Uni\Software\Semester 1\Project\Implementation\JavaApplication6\src\main\java\com\bms\BankManagementSystemApp.java. Using fallback presentation compiler.
2026.03.02 23:19:40 INFO  Shutting down server
2026.03.02 23:19:40 INFO  Memory monitor stopped
2026.03.02 23:19:40 INFO  shutting down Metals
2026.03.02 23:19:40 ERROR Unexpected error initializing server: 
org.eclipse.lsp4j.jsonrpc.ResponseErrorException: Request window/showMessageRequest failed with message: Canceled
	at org.eclipse.lsp4j.jsonrpc.RemoteEndpoint.handleResponse(RemoteEndpoint.java:220)
	at org.eclipse.lsp4j.jsonrpc.RemoteEndpoint.consume(RemoteEndpoint.java:204)
	at org.eclipse.lsp4j.jsonrpc.json.StreamMessageProducer.handleMessage(StreamMessageProducer.java:185)
	at org.eclipse.lsp4j.jsonrpc.json.StreamMessageProducer.listen(StreamMessageProducer.java:97)
	at org.eclipse.lsp4j.jsonrpc.json.ConcurrentMessageProcessor.run(ConcurrentMessageProcessor.java:114)
	at java.util.concurrent.Executors$RunnableAdapter.call(Executors.java:572)
	at java.util.concurrent.FutureTask.run(FutureTask.java:317)
	at java.util.concurrent.ThreadPoolExecutor.runWorker(ThreadPoolExecutor.java:1144)
	at java.util.concurrent.ThreadPoolExecutor$Worker.run(ThreadPoolExecutor.java:642)
	at java.lang.Thread.run(Thread.java:1583)

2026.03.02 23:19:40 INFO  Exiting server
